Started GET "/" for ::1 at 2024-01-27 17:06:13 -0800
  
ActiveRecord::NoDatabaseError (We could not find your database: weatherwise_development. Available database configurations can be found in config/database.yml.

To resolve this error:

- Did you not create the database, or did you delete it? To create the database, run:

    bin/rails db:create

- Has the database name changed? Verify that config/database.yml contains the correct database name.
):
  
activerecord (7.1.3) lib/active_record/connection_adapters/postgresql_adapter.rb:74:in `rescue in new_client'
activerecord (7.1.3) lib/active_record/connection_adapters/postgresql_adapter.rb:68:in `new_client'
activerecord (7.1.3) lib/active_record/connection_adapters/postgresql_adapter.rb:980:in `connect'
activerecord (7.1.3) lib/active_record/connection_adapters/postgresql_adapter.rb:992:in `reconnect'
activerecord (7.1.3) lib/active_record/connection_adapters/abstract_adapter.rb:685:in `block in reconnect!'
activesupport (7.1.3) lib/active_support/concurrency/null_lock.rb:9:in `synchronize'
activerecord (7.1.3) lib/active_record/connection_adapters/abstract_adapter.rb:684:in `reconnect!'
activerecord (7.1.3) lib/active_record/connection_adapters/abstract_adapter.rb:788:in `verify!'
activerecord (7.1.3) lib/active_record/connection_adapters/abstract_adapter.rb:795:in `connect!'
activerecord (7.1.3) lib/active_record/connection_adapters/abstract_adapter.rb:1001:in `block in with_raw_connection'
activesupport (7.1.3) lib/active_support/concurrency/null_lock.rb:9:in `synchronize'
activerecord (7.1.3) lib/active_record/connection_adapters/abstract_adapter.rb:1000:in `with_raw_connection'
activerecord (7.1.3) lib/active_record/connection_adapters/abstract_adapter.rb:1113:in `valid_raw_connection'
activerecord (7.1.3) lib/active_record/connection_adapters/postgresql_adapter.rb:616:in `get_database_version'
activerecord (7.1.3) lib/active_record/connection_adapters/schema_cache.rb:374:in `database_version'
activerecord (7.1.3) lib/active_record/connection_adapters/schema_cache.rb:70:in `database_version'
activerecord (7.1.3) lib/active_record/connection_adapters/schema_cache.rb:200:in `database_version'
activerecord (7.1.3) lib/active_record/connection_adapters/abstract_adapter.rb:871:in `database_version'
activerecord (7.1.3) lib/active_record/connection_adapters/postgresql_adapter.rb:644:in `check_version'
activerecord (7.1.3) lib/active_record/connection_adapters/abstract/connection_pool.rb:678:in `new_connection'
activerecord (7.1.3) lib/active_record/connection_adapters/abstract/connection_pool.rb:723:in `checkout_new_connection'
activerecord (7.1.3) lib/active_record/connection_adapters/abstract/connection_pool.rb:702:in `try_to_checkout_new_connection'
activerecord (7.1.3) lib/active_record/connection_adapters/abstract/connection_pool.rb:654:in `acquire_connection'
activerecord (7.1.3) lib/active_record/connection_adapters/abstract/connection_pool.rb:353:in `checkout'
activerecord (7.1.3) lib/active_record/connection_adapters/abstract/connection_pool.rb:182:in `connection'
activerecord (7.1.3) lib/active_record/migration/pending_migration_connection.rb:8:in `establish_temporary_connection'
activerecord (7.1.3) lib/active_record/migration.rb:774:in `block in pending_migrations'
activerecord (7.1.3) lib/active_record/migration.rb:773:in `each'
activerecord (7.1.3) lib/active_record/migration.rb:773:in `pending_migrations'
activerecord (7.1.3) lib/active_record/migration.rb:752:in `check_pending_migrations'
activerecord (7.1.3) lib/active_record/migration.rb:644:in `block (2 levels) in call'
activesupport (7.1.3) lib/active_support/file_update_checker.rb:85:in `execute'
activerecord (7.1.3) lib/active_record/migration.rb:649:in `block in call'
activerecord (7.1.3) lib/active_record/migration.rb:641:in `synchronize'
activerecord (7.1.3) lib/active_record/migration.rb:641:in `call'
actionpack (7.1.3) lib/action_dispatch/middleware/callbacks.rb:29:in `block in call'
activesupport (7.1.3) lib/active_support/callbacks.rb:101:in `run_callbacks'
actionpack (7.1.3) lib/action_dispatch/middleware/callbacks.rb:28:in `call'
actionpack (7.1.3) lib/action_dispatch/middleware/executor.rb:14:in `call'
actionpack (7.1.3) lib/action_dispatch/middleware/actionable_exceptions.rb:16:in `call'
actionpack (7.1.3) lib/action_dispatch/middleware/debug_exceptions.rb:29:in `call'
web-console (4.2.1) lib/web_console/middleware.rb:132:in `call_app'
web-console (4.2.1) lib/web_console/middleware.rb:28:in `block in call'
web-console (4.2.1) lib/web_console/middleware.rb:17:in `catch'
web-console (4.2.1) lib/web_console/middleware.rb:17:in `call'
actionpack (7.1.3) lib/action_dispatch/middleware/show_exceptions.rb:31:in `call'
railties (7.1.3) lib/rails/rack/logger.rb:37:in `call_app'
railties (7.1.3) lib/rails/rack/logger.rb:24:in `block in call'
activesupport (7.1.3) lib/active_support/tagged_logging.rb:135:in `block in tagged'
activesupport (7.1.3) lib/active_support/tagged_logging.rb:39:in `tagged'
activesupport (7.1.3) lib/active_support/tagged_logging.rb:135:in `tagged'
activesupport (7.1.3) lib/active_support/broadcast_logger.rb:240:in `method_missing'
railties (7.1.3) lib/rails/rack/logger.rb:24:in `call'
sprockets-rails (3.4.2) lib/sprockets/rails/quiet_assets.rb:13:in `call'
actionpack (7.1.3) lib/action_dispatch/middleware/remote_ip.rb:92:in `call'
actionpack (7.1.3) lib/action_dispatch/middleware/request_id.rb:28:in `call'
rack (3.0.8) lib/rack/method_override.rb:28:in `call'
rack (3.0.8) lib/rack/runtime.rb:24:in `call'
activesupport (7.1.3) lib/active_support/cache/strategy/local_cache_middleware.rb:29:in `call'
actionpack (7.1.3) lib/action_dispatch/middleware/server_timing.rb:59:in `block in call'
actionpack (7.1.3) lib/action_dispatch/middleware/server_timing.rb:24:in `collect_events'
actionpack (7.1.3) lib/action_dispatch/middleware/server_timing.rb:58:in `call'
actionpack (7.1.3) lib/action_dispatch/middleware/executor.rb:14:in `call'
actionpack (7.1.3) lib/action_dispatch/middleware/static.rb:25:in `call'
rack (3.0.8) lib/rack/sendfile.rb:114:in `call'
actionpack (7.1.3) lib/action_dispatch/middleware/host_authorization.rb:141:in `call'
railties (7.1.3) lib/rails/engine.rb:536:in `call'
puma (6.4.2) lib/puma/configuration.rb:272:in `call'
puma (6.4.2) lib/puma/request.rb:100:in `block in handle_request'
puma (6.4.2) lib/puma/thread_pool.rb:378:in `with_force_shutdown'
puma (6.4.2) lib/puma/request.rb:99:in `handle_request'
puma (6.4.2) lib/puma/server.rb:464:in `process_client'
puma (6.4.2) lib/puma/server.rb:245:in `block in run'
puma (6.4.2) lib/puma/thread_pool.rb:155:in `block in spawn_thread'
  [1m[35m (199.6ms)[0m  [1m[35mCREATE DATABASE "weatherwise_development" ENCODING = 'unicode'[0m
  [1m[35m (204.5ms)[0m  [1m[35mCREATE DATABASE "weatherwise_test" ENCODING = 'unicode'[0m
Started GET "/" for ::1 at 2024-01-27 17:08:00 -0800
  [1m[35m (3.6ms)[0m  [1m[35mCREATE TABLE "schema_migrations" ("version" character varying NOT NULL PRIMARY KEY)[0m
  [1m[35m (18.8ms)[0m  [1m[35mCREATE TABLE "ar_internal_metadata" ("key" character varying NOT NULL PRIMARY KEY, "value" character varying, "created_at" timestamp(6) NOT NULL, "updated_at" timestamp(6) NOT NULL)[0m
  [1m[36mActiveRecord::SchemaMigration Load (5.7ms)[0m  [1m[34mSELECT "schema_migrations"."version" FROM "schema_migrations" ORDER BY "schema_migrations"."version" ASC[0m
Processing by Rails::WelcomeController#index as HTML
  Rendering /Users/sahba/.rvm/gems/ruby-3.1.0/gems/railties-7.1.3/lib/rails/templates/rails/welcome/index.html.erb
  Rendered /Users/sahba/.rvm/gems/ruby-3.1.0/gems/railties-7.1.3/lib/rails/templates/rails/welcome/index.html.erb (Duration: 0.8ms | Allocations: 384)
Completed 200 OK in 16ms (Views: 3.6ms | ActiveRecord: 0.0ms | Allocations: 4980)


Started GET "/" for ::1 at 2024-01-27 19:28:10 -0800
  [1m[36mActiveRecord::SchemaMigration Load (0.6ms)[0m  [1m[34mSELECT "schema_migrations"."version" FROM "schema_migrations" ORDER BY "schema_migrations"."version" ASC[0m
  
Zeitwerk::NameError (expected file /Users/sahba/Desktop/Projects/WeatherWise/weatherwise/app/controllers/home_controller.rb to define constant HomeController, but didn't

      raise Zeitwerk::NameError.new(msg, cref.last)
      ^^^^^):
  
zeitwerk (2.6.12) lib/zeitwerk/loader/callbacks.rb:33:in `on_file_autoloaded'
zeitwerk (2.6.12) lib/zeitwerk/kernel.rb:31:in `require'
activesupport (7.1.3) lib/active_support/inflector/methods.rb:290:in `const_get'
activesupport (7.1.3) lib/active_support/inflector/methods.rb:290:in `constantize'
activesupport (7.1.3) lib/active_support/core_ext/string/inflections.rb:74:in `constantize'
actionpack (7.1.3) lib/action_dispatch/http/request.rb:90:in `controller_class_for'
actionpack (7.1.3) lib/action_dispatch/request/utils.rb:100:in `action_encoding_template'
actionpack (7.1.3) lib/action_dispatch/request/utils.rb:85:in `encode'
actionpack (7.1.3) lib/action_dispatch/request/utils.rb:45:in `set_binary_encoding'
actionpack (7.1.3) lib/action_dispatch/http/parameters.rb:68:in `path_parameters='
actionpack (7.1.3) lib/action_dispatch/journey/router.rb:48:in `block in serve'
actionpack (7.1.3) lib/action_dispatch/journey/router.rb:131:in `block in find_routes'
actionpack (7.1.3) lib/action_dispatch/journey/router.rb:124:in `each'
actionpack (7.1.3) lib/action_dispatch/journey/router.rb:124:in `find_routes'
actionpack (7.1.3) lib/action_dispatch/journey/router.rb:32:in `serve'
actionpack (7.1.3) lib/action_dispatch/routing/route_set.rb:882:in `call'
rack (3.0.8) lib/rack/tempfile_reaper.rb:20:in `call'
rack (3.0.8) lib/rack/etag.rb:29:in `call'
rack (3.0.8) lib/rack/conditional_get.rb:31:in `call'
rack (3.0.8) lib/rack/head.rb:15:in `call'
actionpack (7.1.3) lib/action_dispatch/http/permissions_policy.rb:36:in `call'
actionpack (7.1.3) lib/action_dispatch/http/content_security_policy.rb:33:in `call'
rack-session (2.0.0) lib/rack/session/abstract/id.rb:272:in `context'
rack-session (2.0.0) lib/rack/session/abstract/id.rb:266:in `call'
actionpack (7.1.3) lib/action_dispatch/middleware/cookies.rb:689:in `call'
activerecord (7.1.3) lib/active_record/migration.rb:655:in `call'
actionpack (7.1.3) lib/action_dispatch/middleware/callbacks.rb:29:in `block in call'
activesupport (7.1.3) lib/active_support/callbacks.rb:101:in `run_callbacks'
actionpack (7.1.3) lib/action_dispatch/middleware/callbacks.rb:28:in `call'
actionpack (7.1.3) lib/action_dispatch/middleware/executor.rb:14:in `call'
actionpack (7.1.3) lib/action_dispatch/middleware/actionable_exceptions.rb:16:in `call'
actionpack (7.1.3) lib/action_dispatch/middleware/debug_exceptions.rb:29:in `call'
web-console (4.2.1) lib/web_console/middleware.rb:132:in `call_app'
web-console (4.2.1) lib/web_console/middleware.rb:28:in `block in call'
web-console (4.2.1) lib/web_console/middleware.rb:17:in `catch'
web-console (4.2.1) lib/web_console/middleware.rb:17:in `call'
actionpack (7.1.3) lib/action_dispatch/middleware/show_exceptions.rb:31:in `call'
railties (7.1.3) lib/rails/rack/logger.rb:37:in `call_app'
railties (7.1.3) lib/rails/rack/logger.rb:24:in `block in call'
activesupport (7.1.3) lib/active_support/tagged_logging.rb:135:in `block in tagged'
activesupport (7.1.3) lib/active_support/tagged_logging.rb:39:in `tagged'
activesupport (7.1.3) lib/active_support/tagged_logging.rb:135:in `tagged'
activesupport (7.1.3) lib/active_support/broadcast_logger.rb:240:in `method_missing'
railties (7.1.3) lib/rails/rack/logger.rb:24:in `call'
sprockets-rails (3.4.2) lib/sprockets/rails/quiet_assets.rb:13:in `call'
actionpack (7.1.3) lib/action_dispatch/middleware/remote_ip.rb:92:in `call'
actionpack (7.1.3) lib/action_dispatch/middleware/request_id.rb:28:in `call'
rack (3.0.8) lib/rack/method_override.rb:28:in `call'
rack (3.0.8) lib/rack/runtime.rb:24:in `call'
activesupport (7.1.3) lib/active_support/cache/strategy/local_cache_middleware.rb:29:in `call'
actionpack (7.1.3) lib/action_dispatch/middleware/server_timing.rb:59:in `block in call'
actionpack (7.1.3) lib/action_dispatch/middleware/server_timing.rb:24:in `collect_events'
actionpack (7.1.3) lib/action_dispatch/middleware/server_timing.rb:58:in `call'
actionpack (7.1.3) lib/action_dispatch/middleware/executor.rb:14:in `call'
actionpack (7.1.3) lib/action_dispatch/middleware/static.rb:25:in `call'
rack (3.0.8) lib/rack/sendfile.rb:114:in `call'
actionpack (7.1.3) lib/action_dispatch/middleware/host_authorization.rb:141:in `call'
railties (7.1.3) lib/rails/engine.rb:536:in `call'
puma (6.4.2) lib/puma/configuration.rb:272:in `call'
puma (6.4.2) lib/puma/request.rb:100:in `block in handle_request'
puma (6.4.2) lib/puma/thread_pool.rb:378:in `with_force_shutdown'
puma (6.4.2) lib/puma/request.rb:99:in `handle_request'
puma (6.4.2) lib/puma/server.rb:464:in `process_client'
puma (6.4.2) lib/puma/server.rb:245:in `block in run'
puma (6.4.2) lib/puma/thread_pool.rb:155:in `block in spawn_thread'
Started GET "/" for ::1 at 2024-01-27 19:28:17 -0800
  
ActionController::RoutingError (uninitialized constant HomeController

      Object.const_get(camel_cased_word)
            ^^^^^^^^^^

            raise MissingController.new(error.message, error.name)
            ^^^^^):
  
Started GET "/" for ::1 at 2024-01-27 19:28:19 -0800
  
ActionController::RoutingError (uninitialized constant HomeController

      Object.const_get(camel_cased_word)
            ^^^^^^^^^^

            raise MissingController.new(error.message, error.name)
            ^^^^^):
  
Started GET "/" for ::1 at 2024-01-27 19:28:21 -0800
  
ActionController::RoutingError (uninitialized constant HomeController

      Object.const_get(camel_cased_word)
            ^^^^^^^^^^

            raise MissingController.new(error.message, error.name)
            ^^^^^):
  
Started GET "/" for ::1 at 2024-01-27 19:28:39 -0800
  
Zeitwerk::NameError (expected file /Users/sahba/Desktop/Projects/WeatherWise/weatherwise/app/controllers/home_controller.rb to define constant HomeController, but didn't

      raise Zeitwerk::NameError.new(msg, cref.last)
      ^^^^^):
  
zeitwerk (2.6.12) lib/zeitwerk/loader/callbacks.rb:33:in `on_file_autoloaded'
zeitwerk (2.6.12) lib/zeitwerk/kernel.rb:31:in `require'
activesupport (7.1.3) lib/active_support/inflector/methods.rb:290:in `const_get'
activesupport (7.1.3) lib/active_support/inflector/methods.rb:290:in `constantize'
activesupport (7.1.3) lib/active_support/core_ext/string/inflections.rb:74:in `constantize'
actionpack (7.1.3) lib/action_dispatch/http/request.rb:90:in `controller_class_for'
actionpack (7.1.3) lib/action_dispatch/request/utils.rb:100:in `action_encoding_template'
actionpack (7.1.3) lib/action_dispatch/request/utils.rb:85:in `encode'
actionpack (7.1.3) lib/action_dispatch/request/utils.rb:45:in `set_binary_encoding'
actionpack (7.1.3) lib/action_dispatch/http/parameters.rb:68:in `path_parameters='
actionpack (7.1.3) lib/action_dispatch/journey/router.rb:48:in `block in serve'
actionpack (7.1.3) lib/action_dispatch/journey/router.rb:131:in `block in find_routes'
actionpack (7.1.3) lib/action_dispatch/journey/router.rb:124:in `each'
actionpack (7.1.3) lib/action_dispatch/journey/router.rb:124:in `find_routes'
actionpack (7.1.3) lib/action_dispatch/journey/router.rb:32:in `serve'
actionpack (7.1.3) lib/action_dispatch/routing/route_set.rb:882:in `call'
rack (3.0.8) lib/rack/tempfile_reaper.rb:20:in `call'
rack (3.0.8) lib/rack/etag.rb:29:in `call'
rack (3.0.8) lib/rack/conditional_get.rb:31:in `call'
rack (3.0.8) lib/rack/head.rb:15:in `call'
actionpack (7.1.3) lib/action_dispatch/http/permissions_policy.rb:36:in `call'
actionpack (7.1.3) lib/action_dispatch/http/content_security_policy.rb:33:in `call'
rack-session (2.0.0) lib/rack/session/abstract/id.rb:272:in `context'
rack-session (2.0.0) lib/rack/session/abstract/id.rb:266:in `call'
actionpack (7.1.3) lib/action_dispatch/middleware/cookies.rb:689:in `call'
activerecord (7.1.3) lib/active_record/migration.rb:655:in `call'
actionpack (7.1.3) lib/action_dispatch/middleware/callbacks.rb:29:in `block in call'
activesupport (7.1.3) lib/active_support/callbacks.rb:101:in `run_callbacks'
actionpack (7.1.3) lib/action_dispatch/middleware/callbacks.rb:28:in `call'
actionpack (7.1.3) lib/action_dispatch/middleware/executor.rb:14:in `call'
actionpack (7.1.3) lib/action_dispatch/middleware/actionable_exceptions.rb:16:in `call'
actionpack (7.1.3) lib/action_dispatch/middleware/debug_exceptions.rb:29:in `call'
web-console (4.2.1) lib/web_console/middleware.rb:132:in `call_app'
web-console (4.2.1) lib/web_console/middleware.rb:28:in `block in call'
web-console (4.2.1) lib/web_console/middleware.rb:17:in `catch'
web-console (4.2.1) lib/web_console/middleware.rb:17:in `call'
actionpack (7.1.3) lib/action_dispatch/middleware/show_exceptions.rb:31:in `call'
railties (7.1.3) lib/rails/rack/logger.rb:37:in `call_app'
railties (7.1.3) lib/rails/rack/logger.rb:24:in `block in call'
activesupport (7.1.3) lib/active_support/tagged_logging.rb:135:in `block in tagged'
activesupport (7.1.3) lib/active_support/tagged_logging.rb:39:in `tagged'
activesupport (7.1.3) lib/active_support/tagged_logging.rb:135:in `tagged'
activesupport (7.1.3) lib/active_support/broadcast_logger.rb:240:in `method_missing'
railties (7.1.3) lib/rails/rack/logger.rb:24:in `call'
sprockets-rails (3.4.2) lib/sprockets/rails/quiet_assets.rb:13:in `call'
actionpack (7.1.3) lib/action_dispatch/middleware/remote_ip.rb:92:in `call'
actionpack (7.1.3) lib/action_dispatch/middleware/request_id.rb:28:in `call'
rack (3.0.8) lib/rack/method_override.rb:28:in `call'
rack (3.0.8) lib/rack/runtime.rb:24:in `call'
activesupport (7.1.3) lib/active_support/cache/strategy/local_cache_middleware.rb:29:in `call'
actionpack (7.1.3) lib/action_dispatch/middleware/server_timing.rb:59:in `block in call'
actionpack (7.1.3) lib/action_dispatch/middleware/server_timing.rb:24:in `collect_events'
actionpack (7.1.3) lib/action_dispatch/middleware/server_timing.rb:58:in `call'
actionpack (7.1.3) lib/action_dispatch/middleware/executor.rb:14:in `call'
actionpack (7.1.3) lib/action_dispatch/middleware/static.rb:25:in `call'
rack (3.0.8) lib/rack/sendfile.rb:114:in `call'
actionpack (7.1.3) lib/action_dispatch/middleware/host_authorization.rb:141:in `call'
railties (7.1.3) lib/rails/engine.rb:536:in `call'
puma (6.4.2) lib/puma/configuration.rb:272:in `call'
puma (6.4.2) lib/puma/request.rb:100:in `block in handle_request'
puma (6.4.2) lib/puma/thread_pool.rb:378:in `with_force_shutdown'
puma (6.4.2) lib/puma/request.rb:99:in `handle_request'
puma (6.4.2) lib/puma/server.rb:464:in `process_client'
puma (6.4.2) lib/puma/server.rb:245:in `block in run'
puma (6.4.2) lib/puma/thread_pool.rb:155:in `block in spawn_thread'
Started GET "/" for ::1 at 2024-01-27 19:31:40 -0800
Processing by HomeController#index as HTML
  Rendering layout layouts/application.html.erb
  Rendering home/index.html.erb within layouts/application
  Rendered home/index.html.erb within layouts/application (Duration: 0.2ms | Allocations: 115)
  Rendered layout layouts/application.html.erb (Duration: 498.2ms | Allocations: 95992)
Completed 200 OK in 502ms (Views: 499.7ms | ActiveRecord: 0.0ms | Allocations: 98000)


Started GET "/" for ::1 at 2024-01-27 19:47:01 -0800
Processing by HomeController#index as HTML
  Rendering layout layouts/application.html.erb
  Rendering home/index.html.erb within layouts/application
  Rendered home/index.html.erb within layouts/application (Duration: 0.3ms | Allocations: 120)
  Rendered layout layouts/application.html.erb (Duration: 23.2ms | Allocations: 18449)
Completed 200 OK in 26ms (Views: 24.9ms | ActiveRecord: 0.0ms | Allocations: 19536)


Started GET "/" for ::1 at 2024-01-27 19:47:04 -0800
Processing by HomeController#index as HTML
  Rendering layout layouts/application.html.erb
  Rendering home/index.html.erb within layouts/application
  Rendered home/index.html.erb within layouts/application (Duration: 0.0ms | Allocations: 10)
  Rendered layout layouts/application.html.erb (Duration: 2.1ms | Allocations: 1430)
Completed 200 OK in 3ms (Views: 2.5ms | ActiveRecord: 0.0ms | Allocations: 1714)


Started GET "/" for ::1 at 2024-01-27 19:47:24 -0800
Processing by HomeController#index as HTML
  Rendering layout layouts/application.html.erb
  Rendering home/index.html.erb within layouts/application
  Rendered home/index.html.erb within layouts/application (Duration: 0.0ms | Allocations: 7)
  Rendered layout layouts/application.html.erb (Duration: 1.8ms | Allocations: 1359)
Completed 200 OK in 3ms (Views: 2.2ms | ActiveRecord: 0.0ms | Allocations: 1604)


Started GET "/" for ::1 at 2024-01-27 19:47:28 -0800
Processing by HomeController#index as HTML
  Rendering layout layouts/application.html.erb
  Rendering home/index.html.erb within layouts/application
  Rendered home/index.html.erb within layouts/application (Duration: 0.2ms | Allocations: 116)
  Rendered layout layouts/application.html.erb (Duration: 11.7ms | Allocations: 16382)
Completed 200 OK in 14ms (Views: 13.0ms | ActiveRecord: 0.0ms | Allocations: 17450)


Started GET "/" for ::1 at 2024-01-27 19:47:29 -0800
Processing by HomeController#index as HTML
  Rendering layout layouts/application.html.erb
  Rendering home/index.html.erb within layouts/application
  Rendered home/index.html.erb within layouts/application (Duration: 0.0ms | Allocations: 7)
  Rendered layout layouts/application.html.erb (Duration: 2.1ms | Allocations: 1359)
Completed 200 OK in 3ms (Views: 2.5ms | ActiveRecord: 0.0ms | Allocations: 1620)


Started GET "/" for ::1 at 2024-01-27 19:47:30 -0800
Processing by HomeController#index as HTML
  Rendering layout layouts/application.html.erb
  Rendering home/index.html.erb within layouts/application
  Rendered home/index.html.erb within layouts/application (Duration: 0.0ms | Allocations: 7)
  Rendered layout layouts/application.html.erb (Duration: 2.1ms | Allocations: 1374)
Completed 200 OK in 3ms (Views: 2.5ms | ActiveRecord: 0.0ms | Allocations: 1619)


Started GET "/" for ::1 at 2024-01-28 00:46:47 -0800
  [1m[36mActiveRecord::SchemaMigration Load (0.6ms)[0m  [1m[34mSELECT "schema_migrations"."version" FROM "schema_migrations" ORDER BY "schema_migrations"."version" ASC[0m
Processing by HomeController#index as HTML
Completed 500 Internal Server Error in 352ms (ActiveRecord: 0.0ms | Allocations: 4672)


  
NameError (uninitialized constant HomeController::Json

        @data = Json.parse(res.body)
                ^^^^
Did you mean?  JSON):
  
app/controllers/home_controller.rb:10:in `index'
Started GET "/" for ::1 at 2024-01-28 00:47:16 -0800
Processing by HomeController#index as HTML
  Rendering layout layouts/application.html.erb
  Rendering home/index.html.erb within layouts/application
  Rendered home/index.html.erb within layouts/application (Duration: 0.3ms | Allocations: 116)
  Rendered layout layouts/application.html.erb (Duration: 241.4ms | Allocations: 96037)
Completed 200 OK in 517ms (Views: 243.7ms | ActiveRecord: 0.0ms | Allocations: 97792)


Started GET "/" for ::1 at 2024-01-28 00:47:43 -0800
  [1m[36mActiveRecord::SchemaMigration Load (0.6ms)[0m  [1m[34mSELECT "schema_migrations"."version" FROM "schema_migrations" ORDER BY "schema_migrations"."version" ASC[0m
Processing by HomeController#index as HTML
  Rendering layout layouts/application.html.erb
  Rendering home/index.html.erb within layouts/application
  Rendered home/index.html.erb within layouts/application (Duration: 0.8ms | Allocations: 197)
  Rendered layout layouts/application.html.erb (Duration: 107.7ms | Allocations: 36015)
Completed 200 OK in 312ms (Views: 131.3ms | ActiveRecord: 0.0ms | Allocations: 41086)


Started GET "/" for ::1 at 2024-01-28 01:07:21 -0800
Processing by HomeController#index as HTML
Completed 500 Internal Server Error in 335ms (ActiveRecord: 0.0ms | Allocations: 1041)


  
RuntimeError ():
  
app/controllers/home_controller.rb:11:in `index'
Started PUT "/__web_console/repl_sessions/9ad284141b1e73b4cac1a1f7bb230d08" for ::1 at 2024-01-28 01:07:25 -0800
Started PUT "/__web_console/repl_sessions/9ad284141b1e73b4cac1a1f7bb230d08" for ::1 at 2024-01-28 01:07:26 -0800
Started PUT "/__web_console/repl_sessions/9ad284141b1e73b4cac1a1f7bb230d08" for ::1 at 2024-01-28 01:07:29 -0800
Started GET "/" for ::1 at 2024-01-28 01:12:21 -0800
Processing by HomeController#index as HTML
  Rendering layout layouts/application.html.erb
  Rendering home/index.html.erb within layouts/application
  Rendered home/index.html.erb within layouts/application (Duration: 0.9ms | Allocations: 1141)
  Rendered layout layouts/application.html.erb (Duration: 1.5ms | Allocations: 1230)
Completed 500 Internal Server Error in 202ms (ActiveRecord: 0.0ms | Allocations: 2830)


  
ActionView::Template::Error (First argument in form cannot contain nil or be empty):
    1: <% form_for @entry do |f| %>
    2:     <%= f.text_field :name %>
    3:     <%= f.select :temperature, [['Hot','hot'],['Medium','medium'],['Cold','cold']] %>
    4:     <%= f.submit %>
  
app/views/home/index.html.erb:1
